A51 MACRO ASSEMBLER  STARTUP                                                              03/27/2015 10:38:54 PAGE     1


MACRO ASSEMBLER A51 V8.02
OBJECT MODULE PLACED IN .\output\STARTUP.obj
ASSEMBLER INVOKED BY: C:\Keil\C51\BIN\A51.EXE STARTUP.A51 INCDIR(..\CM65xxB-1\inc;.\inc) SET(SMALL) DEBUG OBJECT(.\outpu
                      t\STARTUP.obj) EP

LOC  OBJ            LINE     SOURCE

                       1     $nomod51 
                       2     ;------------------------------------------------------------------------------
                       3     ;  This file is part of the C51 Compiler package
                       4     ;  Copyright (c) 1988-2005 Keil Elektronik GmbH and Keil Software, Inc.
                       5     ;  Version 8.01
                       6     ;
                       7     ;  *** <<< Use Configuration Wizard in Context Menu >>> ***
                       8     ;------------------------------------------------------------------------------
                       9     ;  STARTUP.A51:  This code is executed after processor reset.
                      10     ;
                      11     ;  To translate this file use A51 with the following invocation:
                      12     ;
                      13     ;     A51 STARTUP.A51
                      14     ;
                      15     ;  To link the modified STARTUP.OBJ file to your application use the following
                      16     ;  Lx51 invocation:
                      17     ;
                      18     ;     Lx51 your object file list, STARTUP.OBJ  controls
                      19     ;
                      20     ;------------------------------------------------------------------------------
                      21     ;
                      22     ;  User-defined <h> Power-On Initialization of Memory
                      23     ;
                      24     ;  With the following EQU statements the initialization of memory
                      25     ;  at processor reset can be defined:
                      26     ;
                      27     ; <o> IDATALEN: IDATA memory size <0x0-0x100>
                      28     ;     <i> Note: The absolute start-address of IDATA memory is always 0
                      29     ;     <i>       The IDATA space overlaps physically the DATA and BIT areas.
                      30     ;IDATALEN        EQU     0FFH
                      31     ;IDATALEN        EQU     80H
  0000                32     IDATALEN        EQU     0
                      33     ;
                      34     ; <o> XDATASTART: XDATA memory start address <0x0-0xFFFF> 
                      35     ;     <i> The absolute start address of XDATA memory
  0000                36     XDATASTART      EQU     0     
                      37     ;
                      38     ; <o> XDATALEN: XDATA memory size <0x0-0xFFFF> 
                      39     ;     <i> The length of XDATA memory in bytes.
  0000                40     XDATALEN        EQU     0      
                      41     ;
                      42     ; <o> PDATASTART: PDATA memory start address <0x0-0xFFFF> 
                      43     ;     <i> The absolute start address of PDATA memory
  0000                44     PDATASTART      EQU     0H
                      45     ;
                      46     ; <o> PDATALEN: PDATA memory size <0x0-0xFF> 
                      47     ;     <i> The length of PDATA memory in bytes.
  0000                48     PDATALEN        EQU     0H
                      49     ;
                      50     ;</h>
                      51     ;------------------------------------------------------------------------------
                      52     ;
                      53     ;<h> Reentrant Stack Initialization
                      54     ;
                      55     ;  The following EQU statements define the stack pointer for reentrant
                      56     ;  functions and initialized it:
                      57     ;
A51 MACRO ASSEMBLER  STARTUP                                                              03/27/2015 10:38:54 PAGE     2

                      58     ; <h> Stack Space for reentrant functions in the SMALL model.
                      59     ;  <q> IBPSTACK: Enable SMALL model reentrant stack
                      60     ;     <i> Stack space for reentrant functions in the SMALL model.
  0000                61     IBPSTACK        EQU     0       ; set to 1 if small reentrant is used.
                      62     ;  <o> IBPSTACKTOP: End address of SMALL model stack <0x0-0xFF>
                      63     ;     <i> Set the top of the stack to the highest location.
  0100                64     IBPSTACKTOP     EQU     0xFF +1     ; default 0FFH+1  
                      65     ; </h>
                      66     ;
                      67     ; <h> Stack Space for reentrant functions in the LARGE model.      
                      68     ;  <q> XBPSTACK: Enable LARGE model reentrant stack
                      69     ;     <i> Stack space for reentrant functions in the LARGE model.
  0000                70     XBPSTACK        EQU     0       ; set to 1 if large reentrant is used.
                      71     ;  <o> XBPSTACKTOP: End address of LARGE model stack <0x0-0xFFFF>
                      72     ;     <i> Set the top of the stack to the highest location.
  0000                73     XBPSTACKTOP     EQU     0xFFFF +1   ; default 0FFFFH+1 
                      74     ; </h>
                      75     ;
                      76     ; <h> Stack Space for reentrant functions in the COMPACT model.    
                      77     ;  <q> PBPSTACK: Enable COMPACT model reentrant stack
                      78     ;     <i> Stack space for reentrant functions in the COMPACT model.
  0000                79     PBPSTACK        EQU     0       ; set to 1 if compact reentrant is used.
                      80     ;
                      81     ;   <o> PBPSTACKTOP: End address of COMPACT model stack <0x0-0xFFFF>
                      82     ;     <i> Set the top of the stack to the highest location.
  0100                83     PBPSTACKTOP     EQU     0xFF +1     ; default 0FFH+1  
                      84     ; </h>
                      85     ;</h>
                      86     ;------------------------------------------------------------------------------
                      87     ;
                      88     ;  Memory Page for Using the Compact Model with 64 KByte xdata RAM
                      89     ;  <e>Compact Model Page Definition
                      90     ;
                      91     ;  <i>Define the XDATA page used for PDATA variables. 
                      92     ;  <i>PPAGE must conform with the PPAGE set in the linker invocation.
                      93     ;
                      94     ; Enable pdata memory page initalization
  0000                95     PPAGEENABLE     EQU     0       ; set to 1 if pdata object are used.
                      96     ;
                      97     ; <o> PPAGE number <0x0-0xFF> 
                      98     ; <i> uppermost 256-byte address of the page used for PDATA variables.
  0000                99     PPAGE           EQU     0
                     100     ;
                     101     ; <o> SFR address which supplies uppermost address byte <0x0-0xFF> 
                     102     ; <i> most 8051 variants use P2 as uppermost address byte
  00A0               103     PPAGE_SFR       DATA    0A0H
                     104     ;
                     105     ; </e>
                     106     ;------------------------------------------------------------------------------
                     107     
                     108     ; Standard SFR Symbols 
  00E0               109     ACC     DATA    0E0H
  00F0               110     B       DATA    0F0H
  0081               111     SP      DATA    81H
  0082               112     DPL     DATA    82H
  0083               113     DPH     DATA    83H
  00B8               114     IP                      DATA            0B8H
                     115     
                     116                     NAME    ?C_STARTUP
                     117     
                     118     
                     119     ?C_C51STARTUP   SEGMENT   CODE
                     120     ?STACK          SEGMENT   IDATA
                     121     
----                 122                     RSEG    ?STACK
0000                 123                     DS      17H
A51 MACRO ASSEMBLER  STARTUP                                                              03/27/2015 10:38:54 PAGE     3

                     124     
                     125                     EXTRN CODE (?C_START)
                     126                     PUBLIC  ?C_STARTUP
                     127     
----                 128                     CSEG    AT      0x800F
800F 020000   F      129     ?C_STARTUP:     LJMP    STARTUP1
                     130     
----                 131                     RSEG    ?C_C51STARTUP
                     132     
0000                 133     STARTUP1:
                     134     IF IDATALEN <> 0
                                             MOV     R0,#IDATALEN - 1
                                             CLR     A
                             IDATALOOP:      MOV     @R0,A
                                             DJNZ    R0,IDATALOOP
                             ENDIF
                     140     
                     141     IF XDATALEN <> 0
                                             MOV     DPTR,#XDATASTART
                                             MOV     R7,#LOW (XDATALEN)
                               IF (LOW (XDATALEN)) <> 0
                                             MOV     R6,#(HIGH (XDATALEN)) +1
                               ELSE
                                             MOV     R6,#HIGH (XDATALEN)
                               ENDIF
                                             CLR     A
                             XDATALOOP:      MOVX    @DPTR,A
                                             INC     DPTR
                                             DJNZ    R7,XDATALOOP
                                             DJNZ    R6,XDATALOOP
                             ENDIF
                     155     
                     156     IF PPAGEENABLE <> 0
                                             MOV     PPAGE_SFR,#PPAGE
                             ENDIF
                     159     
                     160     IF PDATALEN <> 0
                                             MOV     R0,#LOW (PDATASTART)
                                             MOV     R7,#LOW (PDATALEN)
                                             CLR     A
                             PDATALOOP:      MOVX    @R0,A
                                             INC     R0
                                             DJNZ    R7,PDATALOOP
                             ENDIF
                     168     
                     169     IF IBPSTACK <> 0
                             EXTRN DATA (?C_IBP)
                             
                                             MOV     ?C_IBP,#LOW IBPSTACKTOP
                             ENDIF
                     174     
                     175     IF XBPSTACK <> 0
                             EXTRN DATA (?C_XBP)
                             
                                             MOV     ?C_XBP,#HIGH XBPSTACKTOP
                                             MOV     ?C_XBP+1,#LOW XBPSTACKTOP
                             ENDIF
                     181     
                     182     IF PBPSTACK <> 0
                             EXTRN DATA (?C_PBP)
                                             MOV     ?C_PBP,#LOW PBPSTACKTOP
                             ENDIF
                     186     
0000 758100   F      187                     MOV     SP,#?STACK-1
                     188     
                     189     ; This code is required if you use L51_BANK.A51 with Banking Mode 4
A51 MACRO ASSEMBLER  STARTUP                                                              03/27/2015 10:38:54 PAGE     4

                     190     ;<h> Code Banking
                     191     ; <q> Select Bank 0 for L51_BANK.A51 Mode 4
                     192     
                             
                             
                                             
                             
                     197     ;</h>
0003 020000   F      198                     LJMP    ?C_START
                     199     
                     200                     END
A51 MACRO ASSEMBLER  STARTUP                                                              03/27/2015 10:38:54 PAGE     5

SYMBOL TABLE LISTING
------ ----- -------


N A M E             T Y P E  V A L U E   ATTRIBUTES

?C_C51STARTUP. . .  C SEG    0006H       REL=UNIT
?C_START . . . . .  C ADDR   -----       EXT
?C_STARTUP . . . .  C ADDR   800FH   A   
?STACK . . . . . .  I SEG    0017H       REL=UNIT
ACC. . . . . . . .  D ADDR   00E0H   A   
B. . . . . . . . .  D ADDR   00F0H   A   
DPH. . . . . . . .  D ADDR   0083H   A   
DPL. . . . . . . .  D ADDR   0082H   A   
IBPSTACK . . . . .  N NUMB   0000H   A   
IBPSTACKTOP. . . .  N NUMB   0100H   A   
IDATALEN . . . . .  N NUMB   0000H   A   
IP . . . . . . . .  D ADDR   00B8H   A   
PBPSTACK . . . . .  N NUMB   0000H   A   
PBPSTACKTOP. . . .  N NUMB   0100H   A   
PDATALEN . . . . .  N NUMB   0000H   A   
PDATASTART . . . .  N NUMB   0000H   A   
PPAGE. . . . . . .  N NUMB   0000H   A   
PPAGEENABLE. . . .  N NUMB   0000H   A   
PPAGE_SFR. . . . .  D ADDR   00A0H   A   
SP . . . . . . . .  D ADDR   0081H   A   
STARTUP1 . . . . .  C ADDR   0000H   R   SEG=?C_C51STARTUP
XBPSTACK . . . . .  N NUMB   0000H   A   
XBPSTACKTOP. . . .  N NUMB   0000H   A   
XDATALEN . . . . .  N NUMB   0000H   A   
XDATASTART . . . .  N NUMB   0000H   A   


REGISTER BANK(S) USED: 0 


ASSEMBLY COMPLETE.  0 WARNING(S), 0 ERROR(S)
